2019-Apr-15 11:08:38.561 DEBUG [restartedMain] o.s.w.c.ContextLoader - Published root WebApplicationContext as ServletContext attribute with name [org.springframework.web.context.WebApplicationContext.ROOT]
2019-Apr-15 11:08:38.562 INFO  [restartedMain] o.s.w.c.ContextLoader - Root WebApplicationContext: initialization completed in 242 ms
2019-Apr-15 11:08:38.575 DEBUG [restartedMain] o.h.v.i.e.r.TraversableResolvers - Cannot find javax.persistence.Persistence on classpath. Assuming non JPA 2 environment. All properties will per default be traversable.
2019-Apr-15 11:08:38.576 DEBUG [restartedMain] o.h.v.m.ResourceBundleMessageInterpolator - Loaded expression factory via original TCCL
2019-Apr-15 11:08:38.578 DEBUG [restartedMain] o.h.v.i.e.r.TraversableResolvers - Cannot find javax.persistence.Persistence on classpath. Assuming non JPA 2 environment. All properties will per default be traversable.
2019-Apr-15 11:08:38.578 DEBUG [restartedMain] o.h.v.i.e.ConfigurationImpl - Setting custom MessageInterpolator of type org.springframework.validation.beanvalidation.LocaleContextMessageInterpolator
2019-Apr-15 11:08:38.579 DEBUG [restartedMain] o.h.v.i.e.ConfigurationImpl - Setting custom ConstraintValidatorFactory of type org.springframework.validation.beanvalidation.SpringConstraintValidatorFactory
2019-Apr-15 11:08:38.579 DEBUG [restartedMain] o.h.v.i.e.ConfigurationImpl - Setting custom ParameterNameProvider of type org.springframework.validation.beanvalidation.LocalValidatorFactoryBean$1
2019-Apr-15 11:08:38.580 DEBUG [restartedMain] o.h.v.i.x.c.ValidationXmlParser - Trying to load META-INF/validation.xml for XML based Validator configuration.
2019-Apr-15 11:08:38.580 DEBUG [restartedMain] o.h.v.i.x.c.ResourceLoaderHelper - Trying to load META-INF/validation.xml via user class loader
2019-Apr-15 11:08:38.580 DEBUG [restartedMain] o.h.v.i.x.c.ResourceLoaderHelper - Trying to load META-INF/validation.xml via TCCL
2019-Apr-15 11:08:38.580 DEBUG [restartedMain] o.h.v.i.x.c.ResourceLoaderHelper - Trying to load META-INF/validation.xml via Hibernate Validator's class loader
2019-Apr-15 11:08:38.581 DEBUG [restartedMain] o.h.v.i.x.c.ValidationXmlParser - No META-INF/validation.xml found. Using annotation based configuration only.
2019-Apr-15 11:08:38.585 DEBUG [restartedMain] o.h.v.i.e.ValidatorFactoryImpl - HV000234: Using org.springframework.validation.beanvalidation.LocaleContextMessageInterpolator as ValidatorFactory-scoped message interpolator.
2019-Apr-15 11:08:38.585 DEBUG [restartedMain] o.h.v.i.e.ValidatorFactoryImpl - HV000234: Using org.hibernate.validator.internal.engine.resolver.TraverseAllTraversableResolver as ValidatorFactory-scoped traversable resolver.
2019-Apr-15 11:08:38.585 DEBUG [restartedMain] o.h.v.i.e.ValidatorFactoryImpl - HV000234: Using org.hibernate.validator.internal.util.ExecutableParameterNameProvider as ValidatorFactory-scoped parameter name provider.
2019-Apr-15 11:08:38.585 DEBUG [restartedMain] o.h.v.i.e.ValidatorFactoryImpl - HV000234: Using org.hibernate.validator.internal.engine.DefaultClockProvider as ValidatorFactory-scoped clock provider.
2019-Apr-15 11:08:38.585 DEBUG [restartedMain] o.h.v.i.e.ValidatorFactoryImpl - HV000234: Using org.hibernate.validator.internal.engine.scripting.DefaultScriptEvaluatorFactory as ValidatorFactory-scoped script evaluator factory.
2019-Apr-15 11:08:38.589 DEBUG [restartedMain] o.s.w.s.h.SimpleUrlHandlerMapping - Patterns [/**/favicon.ico] in 'faviconHandlerMapping'
2019-Apr-15 11:08:38.610 DEBUG [restartedMain] o.s.w.s.m.m.a.RequestMappingHandlerAdapter - ControllerAdvice beans: 0 @ModelAttribute, 0 @InitBinder, 1 RequestBodyAdvice, 1 ResponseBodyAdvice
2019-Apr-15 11:08:38.620 DEBUG [restartedMain] o.s.w.s.m.m.a.RequestMappingHandlerMapping - 2 mappings in 'requestMappingHandlerMapping'
2019-Apr-15 11:08:38.624 DEBUG [restartedMain] o.s.w.s.h.SimpleUrlHandlerMapping - Patterns [/webjars/**, /**] in 'resourceHandlerMapping'
2019-Apr-15 11:08:38.627 DEBUG [restartedMain] o.s.w.s.m.m.a.ExceptionHandlerExceptionResolver - ControllerAdvice beans: 0 @ExceptionHandler, 1 ResponseBodyAdvice
2019-Apr-15 11:09:55.038 INFO  [http-nio-8080-exec-1] o.s.w.s.DispatcherServlet - Initializing Servlet 'dispatcherServlet'
2019-Apr-15 11:09:55.039 DEBUG [http-nio-8080-exec-1] o.s.w.s.DispatcherServlet - Detected StandardServletMultipartResolver
2019-Apr-15 11:09:55.046 DEBUG [http-nio-8080-exec-1] o.s.w.s.DispatcherServlet - enableLoggingRequestDetails='false': request parameters and headers will be masked to prevent unsafe logging of potentially sensitive data
2019-Apr-15 11:09:55.046 INFO  [http-nio-8080-exec-1] o.s.w.s.DispatcherServlet - Completed initialization in 7 ms
2019-Apr-15 11:09:55.058 DEBUG [http-nio-8080-exec-1] o.s.w.s.DispatcherServlet - GET "/logger", parameters={}
2019-Apr-15 11:09:55.070 DEBUG [http-nio-8080-exec-1] o.s.w.s.h.SimpleUrlHandlerMapping - Mapped to ResourceHttpRequestHandler ["classpath:/META-INF/resources/", "classpath:/resources/", "classpath:/static/", "classpath:/public/", "/"]
2019-Apr-15 11:09:55.073 DEBUG [http-nio-8080-exec-1] o.s.w.s.r.ResourceHttpRequestHandler - Resource not found
2019-Apr-15 11:09:55.073 DEBUG [http-nio-8080-exec-1] o.s.w.s.DispatcherServlet - Completed 404 NOT_FOUND
2019-Apr-15 11:09:55.080 DEBUG [http-nio-8080-exec-1] o.s.w.s.DispatcherServlet - "ERROR" dispatch for GET "/error", parameters={}
2019-Apr-15 11:09:55.084 DEBUG [http-nio-8080-exec-1] o.s.w.s.m.m.a.RequestMappingHandlerMapping - Mapped to public org.springframework.web.servlet.ModelAndView org.springframework.boot.autoconfigure.web.servlet.error.BasicErrorController.errorHtml(javax.servlet.http.HttpServletRequest,javax.servlet.http.HttpServletResponse)
2019-Apr-15 11:09:55.105 DEBUG [http-nio-8080-exec-1] o.s.w.s.v.ContentNegotiatingViewResolver - Selected 'text/html' given [text/html, text/html;q=0.8]
2019-Apr-15 11:09:55.109 DEBUG [http-nio-8080-exec-1] o.s.w.s.DispatcherServlet - Exiting from "ERROR" dispatch, status 404
2019-Apr-15 11:11:38.611 DEBUG [restartedMain] o.s.w.c.ContextLoader - Published root WebApplicationContext as ServletContext attribute with name [org.springframework.web.context.WebApplicationContext.ROOT]
2019-Apr-15 11:11:38.612 INFO  [restartedMain] o.s.w.c.ContextLoader - Root WebApplicationContext: initialization completed in 245 ms
2019-Apr-15 11:11:38.628 DEBUG [restartedMain] o.h.v.i.e.r.TraversableResolvers - Cannot find javax.persistence.Persistence on classpath. Assuming non JPA 2 environment. All properties will per default be traversable.
2019-Apr-15 11:11:38.629 DEBUG [restartedMain] o.h.v.m.ResourceBundleMessageInterpolator - Loaded expression factory via original TCCL
2019-Apr-15 11:11:38.629 DEBUG [restartedMain] o.h.v.i.e.r.TraversableResolvers - Cannot find javax.persistence.Persistence on classpath. Assuming non JPA 2 environment. All properties will per default be traversable.
2019-Apr-15 11:11:38.629 DEBUG [restartedMain] o.h.v.i.e.ConfigurationImpl - Setting custom MessageInterpolator of type org.springframework.validation.beanvalidation.LocaleContextMessageInterpolator
2019-Apr-15 11:11:38.629 DEBUG [restartedMain] o.h.v.i.e.ConfigurationImpl - Setting custom ConstraintValidatorFactory of type org.springframework.validation.beanvalidation.SpringConstraintValidatorFactory
2019-Apr-15 11:11:38.630 DEBUG [restartedMain] o.h.v.i.e.ConfigurationImpl - Setting custom ParameterNameProvider of type org.springframework.validation.beanvalidation.LocalValidatorFactoryBean$1
2019-Apr-15 11:11:38.630 DEBUG [restartedMain] o.h.v.i.x.c.ValidationXmlParser - Trying to load META-INF/validation.xml for XML based Validator configuration.
2019-Apr-15 11:11:38.630 DEBUG [restartedMain] o.h.v.i.x.c.ResourceLoaderHelper - Trying to load META-INF/validation.xml via user class loader
2019-Apr-15 11:11:38.630 DEBUG [restartedMain] o.h.v.i.x.c.ResourceLoaderHelper - Trying to load META-INF/validation.xml via TCCL
2019-Apr-15 11:11:38.630 DEBUG [restartedMain] o.h.v.i.x.c.ResourceLoaderHelper - Trying to load META-INF/validation.xml via Hibernate Validator's class loader
2019-Apr-15 11:11:38.630 DEBUG [restartedMain] o.h.v.i.x.c.ValidationXmlParser - No META-INF/validation.xml found. Using annotation based configuration only.
2019-Apr-15 11:11:38.633 DEBUG [restartedMain] o.h.v.i.e.ValidatorFactoryImpl - HV000234: Using org.springframework.validation.beanvalidation.LocaleContextMessageInterpolator as ValidatorFactory-scoped message interpolator.
2019-Apr-15 11:11:38.633 DEBUG [restartedMain] o.h.v.i.e.ValidatorFactoryImpl - HV000234: Using org.hibernate.validator.internal.engine.resolver.TraverseAllTraversableResolver as ValidatorFactory-scoped traversable resolver.
2019-Apr-15 11:11:38.634 DEBUG [restartedMain] o.h.v.i.e.ValidatorFactoryImpl - HV000234: Using org.hibernate.validator.internal.util.ExecutableParameterNameProvider as ValidatorFactory-scoped parameter name provider.
2019-Apr-15 11:11:38.634 DEBUG [restartedMain] o.h.v.i.e.ValidatorFactoryImpl - HV000234: Using org.hibernate.validator.internal.engine.DefaultClockProvider as ValidatorFactory-scoped clock provider.
2019-Apr-15 11:11:38.634 DEBUG [restartedMain] o.h.v.i.e.ValidatorFactoryImpl - HV000234: Using org.hibernate.validator.internal.engine.scripting.DefaultScriptEvaluatorFactory as ValidatorFactory-scoped script evaluator factory.
2019-Apr-15 11:11:38.637 DEBUG [restartedMain] o.s.w.s.h.SimpleUrlHandlerMapping - Patterns [/**/favicon.ico] in 'faviconHandlerMapping'
2019-Apr-15 11:11:38.656 DEBUG [restartedMain] o.s.w.s.m.m.a.RequestMappingHandlerAdapter - ControllerAdvice beans: 0 @ModelAttribute, 0 @InitBinder, 1 RequestBodyAdvice, 1 ResponseBodyAdvice
2019-Apr-15 11:11:38.664 DEBUG [restartedMain] o.s.w.s.m.m.a.RequestMappingHandlerMapping - 3 mappings in 'requestMappingHandlerMapping'
2019-Apr-15 11:11:38.666 DEBUG [restartedMain] o.s.w.s.h.SimpleUrlHandlerMapping - Patterns [/webjars/**, /**] in 'resourceHandlerMapping'
2019-Apr-15 11:11:38.670 DEBUG [restartedMain] o.s.w.s.m.m.a.ExceptionHandlerExceptionResolver - ControllerAdvice beans: 0 @ExceptionHandler, 1 ResponseBodyAdvice
2019-Apr-15 11:11:46.106 DEBUG [background-preinit] o.h.v.m.ResourceBundleMessageInterpolator - Loaded expression factory via original TCCL
2019-Apr-15 11:11:46.118 DEBUG [background-preinit] o.h.v.i.e.ValidatorFactoryImpl - HV000234: Using org.hibernate.validator.messageinterpolation.ResourceBundleMessageInterpolator as ValidatorFactory-scoped message interpolator.
2019-Apr-15 11:11:46.118 DEBUG [background-preinit] o.h.v.i.e.ValidatorFactoryImpl - HV000234: Using org.hibernate.validator.internal.engine.resolver.TraverseAllTraversableResolver as ValidatorFactory-scoped traversable resolver.
2019-Apr-15 11:11:46.118 DEBUG [background-preinit] o.h.v.i.e.ValidatorFactoryImpl - HV000234: Using org.hibernate.validator.internal.util.ExecutableParameterNameProvider as ValidatorFactory-scoped parameter name provider.
2019-Apr-15 11:11:46.118 DEBUG [background-preinit] o.h.v.i.e.ValidatorFactoryImpl - HV000234: Using org.hibernate.validator.internal.engine.DefaultClockProvider as ValidatorFactory-scoped clock provider.
2019-Apr-15 11:11:46.118 DEBUG [background-preinit] o.h.v.i.e.ValidatorFactoryImpl - HV000234: Using org.hibernate.validator.internal.engine.scripting.DefaultScriptEvaluatorFactory as ValidatorFactory-scoped script evaluator factory.
2019-Apr-15 11:11:47.200 DEBUG [restartedMain] o.s.w.c.ContextLoader - Published root WebApplicationContext as ServletContext attribute with name [org.springframework.web.context.WebApplicationContext.ROOT]
2019-Apr-15 11:11:47.201 INFO  [restartedMain] o.s.w.c.ContextLoader - Root WebApplicationContext: initialization completed in 1036 ms
2019-Apr-15 11:11:47.263 DEBUG [restartedMain] o.h.v.i.e.r.TraversableResolvers - Cannot find javax.persistence.Persistence on classpath. Assuming non JPA 2 environment. All properties will per default be traversable.
2019-Apr-15 11:11:47.263 DEBUG [restartedMain] o.h.v.m.ResourceBundleMessageInterpolator - Loaded expression factory via original TCCL
2019-Apr-15 11:11:47.265 DEBUG [restartedMain] o.h.v.i.e.r.TraversableResolvers - Cannot find javax.persistence.Persistence on classpath. Assuming non JPA 2 environment. All properties will per default be traversable.
2019-Apr-15 11:11:47.266 DEBUG [restartedMain] o.h.v.i.e.ConfigurationImpl - Setting custom MessageInterpolator of type org.springframework.validation.beanvalidation.LocaleContextMessageInterpolator
2019-Apr-15 11:11:47.266 DEBUG [restartedMain] o.h.v.i.e.ConfigurationImpl - Setting custom ConstraintValidatorFactory of type org.springframework.validation.beanvalidation.SpringConstraintValidatorFactory
2019-Apr-15 11:11:47.267 DEBUG [restartedMain] o.h.v.i.e.ConfigurationImpl - Setting custom ParameterNameProvider of type org.springframework.validation.beanvalidation.LocalValidatorFactoryBean$1
2019-Apr-15 11:11:47.267 DEBUG [restartedMain] o.h.v.i.x.c.ValidationXmlParser - Trying to load META-INF/validation.xml for XML based Validator configuration.
2019-Apr-15 11:11:47.267 DEBUG [restartedMain] o.h.v.i.x.c.ResourceLoaderHelper - Trying to load META-INF/validation.xml via user class loader
2019-Apr-15 11:11:47.268 DEBUG [restartedMain] o.h.v.i.x.c.ResourceLoaderHelper - Trying to load META-INF/validation.xml via TCCL
2019-Apr-15 11:11:47.268 DEBUG [restartedMain] o.h.v.i.x.c.ResourceLoaderHelper - Trying to load META-INF/validation.xml via Hibernate Validator's class loader
2019-Apr-15 11:11:47.268 DEBUG [restartedMain] o.h.v.i.x.c.ValidationXmlParser - No META-INF/validation.xml found. Using annotation based configuration only.
2019-Apr-15 11:11:47.272 DEBUG [restartedMain] o.h.v.i.e.ValidatorFactoryImpl - HV000234: Using org.springframework.validation.beanvalidation.LocaleContextMessageInterpolator as ValidatorFactory-scoped message interpolator.
2019-Apr-15 11:11:47.272 DEBUG [restartedMain] o.h.v.i.e.ValidatorFactoryImpl - HV000234: Using org.hibernate.validator.internal.engine.resolver.TraverseAllTraversableResolver as ValidatorFactory-scoped traversable resolver.
2019-Apr-15 11:11:47.272 DEBUG [restartedMain] o.h.v.i.e.ValidatorFactoryImpl - HV000234: Using org.hibernate.validator.internal.util.ExecutableParameterNameProvider as ValidatorFactory-scoped parameter name provider.
2019-Apr-15 11:11:47.272 DEBUG [restartedMain] o.h.v.i.e.ValidatorFactoryImpl - HV000234: Using org.hibernate.validator.internal.engine.DefaultClockProvider as ValidatorFactory-scoped clock provider.
2019-Apr-15 11:11:47.272 DEBUG [restartedMain] o.h.v.i.e.ValidatorFactoryImpl - HV000234: Using org.hibernate.validator.internal.engine.scripting.DefaultScriptEvaluatorFactory as ValidatorFactory-scoped script evaluator factory.
2019-Apr-15 11:11:47.296 DEBUG [restartedMain] o.s.w.s.h.SimpleUrlHandlerMapping - Patterns [/**/favicon.ico] in 'faviconHandlerMapping'
2019-Apr-15 11:11:47.399 DEBUG [restartedMain] o.s.w.s.m.m.a.RequestMappingHandlerAdapter - ControllerAdvice beans: 0 @ModelAttribute, 0 @InitBinder, 1 RequestBodyAdvice, 1 ResponseBodyAdvice
2019-Apr-15 11:11:47.454 DEBUG [restartedMain] o.s.w.s.m.m.a.RequestMappingHandlerMapping - 3 mappings in 'requestMappingHandlerMapping'
2019-Apr-15 11:11:47.463 DEBUG [restartedMain] o.s.w.s.h.SimpleUrlHandlerMapping - Patterns [/webjars/**, /**] in 'resourceHandlerMapping'
2019-Apr-15 11:11:47.469 DEBUG [restartedMain] o.s.w.s.m.m.a.ExceptionHandlerExceptionResolver - ControllerAdvice beans: 0 @ExceptionHandler, 1 ResponseBodyAdvice
2019-Apr-15 11:11:57.363 INFO  [http-nio-8080-exec-1] o.s.w.s.DispatcherServlet - Initializing Servlet 'dispatcherServlet'
2019-Apr-15 11:11:57.364 DEBUG [http-nio-8080-exec-1] o.s.w.s.DispatcherServlet - Detected StandardServletMultipartResolver
2019-Apr-15 11:11:57.369 DEBUG [http-nio-8080-exec-1] o.s.w.s.DispatcherServlet - enableLoggingRequestDetails='false': request parameters and headers will be masked to prevent unsafe logging of potentially sensitive data
2019-Apr-15 11:11:57.370 INFO  [http-nio-8080-exec-1] o.s.w.s.DispatcherServlet - Completed initialization in 6 ms
2019-Apr-15 11:11:57.380 DEBUG [http-nio-8080-exec-1] o.s.w.s.DispatcherServlet - GET "/logger", parameters={}
2019-Apr-15 11:11:57.385 DEBUG [http-nio-8080-exec-1] o.s.w.s.m.m.a.RequestMappingHandlerMapping - Mapped to public java.lang.String com.vinoth.interceptor.controller.LoggerController.executeLogger()
2019-Apr-15 11:11:57.403 DEBUG [http-nio-8080-exec-1] o.s.w.s.m.m.a.RequestResponseBodyMethodProcessor - Using 'text/html', given [text/html, application/xhtml+xml, image/webp, image/apng, application/signed-exchange;v=b3, application/xml;q=0.9, */*;q=0.8] and supported [text/plain, */*, text/plain, */*, application/json, application/*+json, application/json, application/*+json]
2019-Apr-15 11:11:57.404 DEBUG [http-nio-8080-exec-1] o.s.w.s.m.m.a.RequestResponseBodyMethodProcessor - Writing ["Hello World Logger Interceptor"]
2019-Apr-15 11:11:57.413 DEBUG [http-nio-8080-exec-1] o.s.w.s.DispatcherServlet - Completed 200 OK
2019-Apr-15 11:11:57.428 DEBUG [http-nio-8080-exec-2] o.s.w.s.DispatcherServlet - GET "/favicon.ico", parameters={}
2019-Apr-15 11:11:57.430 DEBUG [http-nio-8080-exec-2] o.s.w.s.h.SimpleUrlHandlerMapping - Mapped to ResourceHttpRequestHandler [class path resource [META-INF/resources/], class path resource [resources/], class path resource [static/], class path resource [public/], ServletContext resource [/], class path resource []]
2019-Apr-15 11:11:57.446 DEBUG [http-nio-8080-exec-2] o.s.w.s.DispatcherServlet - Completed 200 OK
2019-Apr-15 11:13:01.429 INFO  [restartedMain] o.s.w.c.ContextLoader - Root WebApplicationContext: initialization completed in 248 ms
2019-Apr-15 11:13:01.443 DEBUG [restartedMain] o.h.v.i.e.r.TraversableResolvers - Cannot find javax.persistence.Persistence on classpath. Assuming non JPA 2 environment. All properties will per default be traversable.
2019-Apr-15 11:13:01.444 DEBUG [restartedMain] o.h.v.m.ResourceBundleMessageInterpolator - Loaded expression factory via original TCCL
2019-Apr-15 11:13:01.445 DEBUG [restartedMain] o.h.v.i.e.r.TraversableResolvers - Cannot find javax.persistence.Persistence on classpath. Assuming non JPA 2 environment. All properties will per default be traversable.
2019-Apr-15 11:13:01.445 DEBUG [restartedMain] o.h.v.i.e.ConfigurationImpl - Setting custom MessageInterpolator of type org.springframework.validation.beanvalidation.LocaleContextMessageInterpolator
2019-Apr-15 11:13:01.445 DEBUG [restartedMain] o.h.v.i.e.ConfigurationImpl - Setting custom ConstraintValidatorFactory of type org.springframework.validation.beanvalidation.SpringConstraintValidatorFactory
2019-Apr-15 11:13:01.445 DEBUG [restartedMain] o.h.v.i.e.ConfigurationImpl - Setting custom ParameterNameProvider of type org.springframework.validation.beanvalidation.LocalValidatorFactoryBean$1
2019-Apr-15 11:13:01.445 DEBUG [restartedMain] o.h.v.i.x.c.ValidationXmlParser - Trying to load META-INF/validation.xml for XML based Validator configuration.
2019-Apr-15 11:13:01.445 DEBUG [restartedMain] o.h.v.i.x.c.ResourceLoaderHelper - Trying to load META-INF/validation.xml via user class loader
2019-Apr-15 11:13:01.446 DEBUG [restartedMain] o.h.v.i.x.c.ResourceLoaderHelper - Trying to load META-INF/validation.xml via TCCL
2019-Apr-15 11:13:01.446 DEBUG [restartedMain] o.h.v.i.x.c.ResourceLoaderHelper - Trying to load META-INF/validation.xml via Hibernate Validator's class loader
2019-Apr-15 11:13:01.446 DEBUG [restartedMain] o.h.v.i.x.c.ValidationXmlParser - No META-INF/validation.xml found. Using annotation based configuration only.
2019-Apr-15 11:13:01.449 DEBUG [restartedMain] o.h.v.i.e.ValidatorFactoryImpl - HV000234: Using org.springframework.validation.beanvalidation.LocaleContextMessageInterpolator as ValidatorFactory-scoped message interpolator.
2019-Apr-15 11:13:01.450 DEBUG [restartedMain] o.h.v.i.e.ValidatorFactoryImpl - HV000234: Using org.hibernate.validator.internal.engine.resolver.TraverseAllTraversableResolver as ValidatorFactory-scoped traversable resolver.
2019-Apr-15 11:13:01.450 DEBUG [restartedMain] o.h.v.i.e.ValidatorFactoryImpl - HV000234: Using org.hibernate.validator.internal.util.ExecutableParameterNameProvider as ValidatorFactory-scoped parameter name provider.
2019-Apr-15 11:13:01.450 DEBUG [restartedMain] o.h.v.i.e.ValidatorFactoryImpl - HV000234: Using org.hibernate.validator.internal.engine.DefaultClockProvider as ValidatorFactory-scoped clock provider.
2019-Apr-15 11:13:01.450 DEBUG [restartedMain] o.h.v.i.e.ValidatorFactoryImpl - HV000234: Using org.hibernate.validator.internal.engine.scripting.DefaultScriptEvaluatorFactory as ValidatorFactory-scoped script evaluator factory.
2019-Apr-15 11:13:05.904 INFO  [http-nio-8080-exec-1] o.s.w.s.DispatcherServlet - Initializing Servlet 'dispatcherServlet'
2019-Apr-15 11:13:05.915 INFO  [http-nio-8080-exec-1] o.s.w.s.DispatcherServlet - Completed initialization in 9 ms
2019-Apr-15 11:13:58.467 DEBUG [background-preinit] o.h.v.m.ResourceBundleMessageInterpolator - Loaded expression factory via original TCCL
2019-Apr-15 11:13:58.485 DEBUG [background-preinit] o.h.v.i.e.ValidatorFactoryImpl - HV000234: Using org.hibernate.validator.messageinterpolation.ResourceBundleMessageInterpolator as ValidatorFactory-scoped message interpolator.
2019-Apr-15 11:13:58.485 DEBUG [background-preinit] o.h.v.i.e.ValidatorFactoryImpl - HV000234: Using org.hibernate.validator.internal.engine.resolver.TraverseAllTraversableResolver as ValidatorFactory-scoped traversable resolver.
2019-Apr-15 11:13:58.485 DEBUG [background-preinit] o.h.v.i.e.ValidatorFactoryImpl - HV000234: Using org.hibernate.validator.internal.util.ExecutableParameterNameProvider as ValidatorFactory-scoped parameter name provider.
2019-Apr-15 11:13:58.486 DEBUG [background-preinit] o.h.v.i.e.ValidatorFactoryImpl - HV000234: Using org.hibernate.validator.internal.engine.DefaultClockProvider as ValidatorFactory-scoped clock provider.
2019-Apr-15 11:13:58.486 DEBUG [background-preinit] o.h.v.i.e.ValidatorFactoryImpl - HV000234: Using org.hibernate.validator.internal.engine.scripting.DefaultScriptEvaluatorFactory as ValidatorFactory-scoped script evaluator factory.
2019-Apr-15 11:13:59.493 INFO  [restartedMain] o.s.w.c.ContextLoader - Root WebApplicationContext: initialization completed in 963 ms
2019-Apr-15 11:13:59.555 DEBUG [restartedMain] o.h.v.i.e.r.TraversableResolvers - Cannot find javax.persistence.Persistence on classpath. Assuming non JPA 2 environment. All properties will per default be traversable.
2019-Apr-15 11:13:59.556 DEBUG [restartedMain] o.h.v.m.ResourceBundleMessageInterpolator - Loaded expression factory via original TCCL
2019-Apr-15 11:13:59.559 DEBUG [restartedMain] o.h.v.i.e.r.TraversableResolvers - Cannot find javax.persistence.Persistence on classpath. Assuming non JPA 2 environment. All properties will per default be traversable.
2019-Apr-15 11:13:59.559 DEBUG [restartedMain] o.h.v.i.e.ConfigurationImpl - Setting custom MessageInterpolator of type org.springframework.validation.beanvalidation.LocaleContextMessageInterpolator
2019-Apr-15 11:13:59.560 DEBUG [restartedMain] o.h.v.i.e.ConfigurationImpl - Setting custom ConstraintValidatorFactory of type org.springframework.validation.beanvalidation.SpringConstraintValidatorFactory
2019-Apr-15 11:13:59.560 DEBUG [restartedMain] o.h.v.i.e.ConfigurationImpl - Setting custom ParameterNameProvider of type org.springframework.validation.beanvalidation.LocalValidatorFactoryBean$1
2019-Apr-15 11:13:59.561 DEBUG [restartedMain] o.h.v.i.x.c.ValidationXmlParser - Trying to load META-INF/validation.xml for XML based Validator configuration.
2019-Apr-15 11:13:59.561 DEBUG [restartedMain] o.h.v.i.x.c.ResourceLoaderHelper - Trying to load META-INF/validation.xml via user class loader
2019-Apr-15 11:13:59.561 DEBUG [restartedMain] o.h.v.i.x.c.ResourceLoaderHelper - Trying to load META-INF/validation.xml via TCCL
2019-Apr-15 11:13:59.562 DEBUG [restartedMain] o.h.v.i.x.c.ResourceLoaderHelper - Trying to load META-INF/validation.xml via Hibernate Validator's class loader
2019-Apr-15 11:13:59.562 DEBUG [restartedMain] o.h.v.i.x.c.ValidationXmlParser - No META-INF/validation.xml found. Using annotation based configuration only.
2019-Apr-15 11:13:59.565 DEBUG [restartedMain] o.h.v.i.e.ValidatorFactoryImpl - HV000234: Using org.springframework.validation.beanvalidation.LocaleContextMessageInterpolator as ValidatorFactory-scoped message interpolator.
2019-Apr-15 11:13:59.566 DEBUG [restartedMain] o.h.v.i.e.ValidatorFactoryImpl - HV000234: Using org.hibernate.validator.internal.engine.resolver.TraverseAllTraversableResolver as ValidatorFactory-scoped traversable resolver.
2019-Apr-15 11:13:59.566 DEBUG [restartedMain] o.h.v.i.e.ValidatorFactoryImpl - HV000234: Using org.hibernate.validator.internal.util.ExecutableParameterNameProvider as ValidatorFactory-scoped parameter name provider.
2019-Apr-15 11:13:59.566 DEBUG [restartedMain] o.h.v.i.e.ValidatorFactoryImpl - HV000234: Using org.hibernate.validator.internal.engine.DefaultClockProvider as ValidatorFactory-scoped clock provider.
2019-Apr-15 11:13:59.566 DEBUG [restartedMain] o.h.v.i.e.ValidatorFactoryImpl - HV000234: Using org.hibernate.validator.internal.engine.scripting.DefaultScriptEvaluatorFactory as ValidatorFactory-scoped script evaluator factory.
2019-Apr-15 11:14:05.152 INFO  [http-nio-8080-exec-1] o.s.w.s.DispatcherServlet - Initializing Servlet 'dispatcherServlet'
2019-Apr-15 11:14:05.159 INFO  [http-nio-8080-exec-1] o.s.w.s.DispatcherServlet - Completed initialization in 6 ms
2019-Apr-15 11:15:10.538 INFO  [restartedMain] o.s.w.c.ContextLoader - Root WebApplicationContext: initialization completed in 269 ms
2019-Apr-15 11:15:10.553 DEBUG [restartedMain] o.h.v.i.e.r.TraversableResolvers - Cannot find javax.persistence.Persistence on classpath. Assuming non JPA 2 environment. All properties will per default be traversable.
2019-Apr-15 11:15:10.553 DEBUG [restartedMain] o.h.v.m.ResourceBundleMessageInterpolator - Loaded expression factory via original TCCL
2019-Apr-15 11:15:10.554 DEBUG [restartedMain] o.h.v.i.e.r.TraversableResolvers - Cannot find javax.persistence.Persistence on classpath. Assuming non JPA 2 environment. All properties will per default be traversable.
2019-Apr-15 11:15:10.554 DEBUG [restartedMain] o.h.v.i.e.ConfigurationImpl - Setting custom MessageInterpolator of type org.springframework.validation.beanvalidation.LocaleContextMessageInterpolator
2019-Apr-15 11:15:10.554 DEBUG [restartedMain] o.h.v.i.e.ConfigurationImpl - Setting custom ConstraintValidatorFactory of type org.springframework.validation.beanvalidation.SpringConstraintValidatorFactory
2019-Apr-15 11:15:10.554 DEBUG [restartedMain] o.h.v.i.e.ConfigurationImpl - Setting custom ParameterNameProvider of type org.springframework.validation.beanvalidation.LocalValidatorFactoryBean$1
2019-Apr-15 11:15:10.555 DEBUG [restartedMain] o.h.v.i.x.c.ValidationXmlParser - Trying to load META-INF/validation.xml for XML based Validator configuration.
2019-Apr-15 11:15:10.555 DEBUG [restartedMain] o.h.v.i.x.c.ResourceLoaderHelper - Trying to load META-INF/validation.xml via user class loader
2019-Apr-15 11:15:10.555 DEBUG [restartedMain] o.h.v.i.x.c.ResourceLoaderHelper - Trying to load META-INF/validation.xml via TCCL
2019-Apr-15 11:15:10.555 DEBUG [restartedMain] o.h.v.i.x.c.ResourceLoaderHelper - Trying to load META-INF/validation.xml via Hibernate Validator's class loader
2019-Apr-15 11:15:10.556 DEBUG [restartedMain] o.h.v.i.x.c.ValidationXmlParser - No META-INF/validation.xml found. Using annotation based configuration only.
2019-Apr-15 11:15:10.559 DEBUG [restartedMain] o.h.v.i.e.ValidatorFactoryImpl - HV000234: Using org.springframework.validation.beanvalidation.LocaleContextMessageInterpolator as ValidatorFactory-scoped message interpolator.
2019-Apr-15 11:15:10.559 DEBUG [restartedMain] o.h.v.i.e.ValidatorFactoryImpl - HV000234: Using org.hibernate.validator.internal.engine.resolver.TraverseAllTraversableResolver as ValidatorFactory-scoped traversable resolver.
2019-Apr-15 11:15:10.559 DEBUG [restartedMain] o.h.v.i.e.ValidatorFactoryImpl - HV000234: Using org.hibernate.validator.internal.util.ExecutableParameterNameProvider as ValidatorFactory-scoped parameter name provider.
2019-Apr-15 11:15:10.559 DEBUG [restartedMain] o.h.v.i.e.ValidatorFactoryImpl - HV000234: Using org.hibernate.validator.internal.engine.DefaultClockProvider as ValidatorFactory-scoped clock provider.
2019-Apr-15 11:15:10.559 DEBUG [restartedMain] o.h.v.i.e.ValidatorFactoryImpl - HV000234: Using org.hibernate.validator.internal.engine.scripting.DefaultScriptEvaluatorFactory as ValidatorFactory-scoped script evaluator factory.
2019-Apr-15 11:15:15.173 INFO  [http-nio-8080-exec-1] o.s.w.s.DispatcherServlet - Initializing Servlet 'dispatcherServlet'
2019-Apr-15 11:15:15.183 INFO  [http-nio-8080-exec-1] o.s.w.s.DispatcherServlet - Completed initialization in 8 ms
2019-Apr-15 11:18:20.924 INFO  [restartedMain] o.s.w.c.ContextLoader - Root WebApplicationContext: initialization completed in 270 ms
2019-Apr-15 11:18:20.938 DEBUG [restartedMain] o.h.v.i.e.r.TraversableResolvers - Cannot find javax.persistence.Persistence on classpath. Assuming non JPA 2 environment. All properties will per default be traversable.
2019-Apr-15 11:18:20.938 DEBUG [restartedMain] o.h.v.m.ResourceBundleMessageInterpolator - Loaded expression factory via original TCCL
2019-Apr-15 11:18:20.939 DEBUG [restartedMain] o.h.v.i.e.r.TraversableResolvers - Cannot find javax.persistence.Persistence on classpath. Assuming non JPA 2 environment. All properties will per default be traversable.
2019-Apr-15 11:18:20.939 DEBUG [restartedMain] o.h.v.i.e.ConfigurationImpl - Setting custom MessageInterpolator of type org.springframework.validation.beanvalidation.LocaleContextMessageInterpolator
2019-Apr-15 11:18:20.939 DEBUG [restartedMain] o.h.v.i.e.ConfigurationImpl - Setting custom ConstraintValidatorFactory of type org.springframework.validation.beanvalidation.SpringConstraintValidatorFactory
2019-Apr-15 11:18:20.939 DEBUG [restartedMain] o.h.v.i.e.ConfigurationImpl - Setting custom ParameterNameProvider of type org.springframework.validation.beanvalidation.LocalValidatorFactoryBean$1
2019-Apr-15 11:18:20.940 DEBUG [restartedMain] o.h.v.i.x.c.ValidationXmlParser - Trying to load META-INF/validation.xml for XML based Validator configuration.
2019-Apr-15 11:18:20.940 DEBUG [restartedMain] o.h.v.i.x.c.ResourceLoaderHelper - Trying to load META-INF/validation.xml via user class loader
2019-Apr-15 11:18:20.940 DEBUG [restartedMain] o.h.v.i.x.c.ResourceLoaderHelper - Trying to load META-INF/validation.xml via TCCL
2019-Apr-15 11:18:20.940 DEBUG [restartedMain] o.h.v.i.x.c.ResourceLoaderHelper - Trying to load META-INF/validation.xml via Hibernate Validator's class loader
2019-Apr-15 11:18:20.940 DEBUG [restartedMain] o.h.v.i.x.c.ValidationXmlParser - No META-INF/validation.xml found. Using annotation based configuration only.
2019-Apr-15 11:18:20.944 DEBUG [restartedMain] o.h.v.i.e.ValidatorFactoryImpl - HV000234: Using org.springframework.validation.beanvalidation.LocaleContextMessageInterpolator as ValidatorFactory-scoped message interpolator.
2019-Apr-15 11:18:20.944 DEBUG [restartedMain] o.h.v.i.e.ValidatorFactoryImpl - HV000234: Using org.hibernate.validator.internal.engine.resolver.TraverseAllTraversableResolver as ValidatorFactory-scoped traversable resolver.
2019-Apr-15 11:18:20.944 DEBUG [restartedMain] o.h.v.i.e.ValidatorFactoryImpl - HV000234: Using org.hibernate.validator.internal.util.ExecutableParameterNameProvider as ValidatorFactory-scoped parameter name provider.
2019-Apr-15 11:18:20.944 DEBUG [restartedMain] o.h.v.i.e.ValidatorFactoryImpl - HV000234: Using org.hibernate.validator.internal.engine.DefaultClockProvider as ValidatorFactory-scoped clock provider.
2019-Apr-15 11:18:20.944 DEBUG [restartedMain] o.h.v.i.e.ValidatorFactoryImpl - HV000234: Using org.hibernate.validator.internal.engine.scripting.DefaultScriptEvaluatorFactory as ValidatorFactory-scoped script evaluator factory.
2019-Apr-15 11:18:30.444 INFO  [http-nio-8080-exec-1] o.s.w.s.DispatcherServlet - Initializing Servlet 'dispatcherServlet'
2019-Apr-15 11:18:30.451 INFO  [http-nio-8080-exec-1] o.s.w.s.DispatcherServlet - Completed initialization in 6 ms
2019-Apr-15 11:20:13.343 INFO  [restartedMain] o.s.w.c.ContextLoader - Root WebApplicationContext: initialization completed in 231 ms
2019-Apr-15 11:20:13.355 DEBUG [restartedMain] o.h.v.i.e.r.TraversableResolvers - Cannot find javax.persistence.Persistence on classpath. Assuming non JPA 2 environment. All properties will per default be traversable.
2019-Apr-15 11:20:13.355 DEBUG [restartedMain] o.h.v.m.ResourceBundleMessageInterpolator - Loaded expression factory via original TCCL
2019-Apr-15 11:20:13.356 DEBUG [restartedMain] o.h.v.i.e.r.TraversableResolvers - Cannot find javax.persistence.Persistence on classpath. Assuming non JPA 2 environment. All properties will per default be traversable.
2019-Apr-15 11:20:13.356 DEBUG [restartedMain] o.h.v.i.e.ConfigurationImpl - Setting custom MessageInterpolator of type org.springframework.validation.beanvalidation.LocaleContextMessageInterpolator
2019-Apr-15 11:20:13.356 DEBUG [restartedMain] o.h.v.i.e.ConfigurationImpl - Setting custom ConstraintValidatorFactory of type org.springframework.validation.beanvalidation.SpringConstraintValidatorFactory
2019-Apr-15 11:20:13.356 DEBUG [restartedMain] o.h.v.i.e.ConfigurationImpl - Setting custom ParameterNameProvider of type org.springframework.validation.beanvalidation.LocalValidatorFactoryBean$1
2019-Apr-15 11:20:13.357 DEBUG [restartedMain] o.h.v.i.x.c.ValidationXmlParser - Trying to load META-INF/validation.xml for XML based Validator configuration.
2019-Apr-15 11:20:13.357 DEBUG [restartedMain] o.h.v.i.x.c.ResourceLoaderHelper - Trying to load META-INF/validation.xml via user class loader
2019-Apr-15 11:20:13.357 DEBUG [restartedMain] o.h.v.i.x.c.ResourceLoaderHelper - Trying to load META-INF/validation.xml via TCCL
2019-Apr-15 11:20:13.357 DEBUG [restartedMain] o.h.v.i.x.c.ResourceLoaderHelper - Trying to load META-INF/validation.xml via Hibernate Validator's class loader
2019-Apr-15 11:20:13.357 DEBUG [restartedMain] o.h.v.i.x.c.ValidationXmlParser - No META-INF/validation.xml found. Using annotation based configuration only.
2019-Apr-15 11:20:13.360 DEBUG [restartedMain] o.h.v.i.e.ValidatorFactoryImpl - HV000234: Using org.springframework.validation.beanvalidation.LocaleContextMessageInterpolator as ValidatorFactory-scoped message interpolator.
2019-Apr-15 11:20:13.361 DEBUG [restartedMain] o.h.v.i.e.ValidatorFactoryImpl - HV000234: Using org.hibernate.validator.internal.engine.resolver.TraverseAllTraversableResolver as ValidatorFactory-scoped traversable resolver.
2019-Apr-15 11:20:13.361 DEBUG [restartedMain] o.h.v.i.e.ValidatorFactoryImpl - HV000234: Using org.hibernate.validator.internal.util.ExecutableParameterNameProvider as ValidatorFactory-scoped parameter name provider.
2019-Apr-15 11:20:13.361 DEBUG [restartedMain] o.h.v.i.e.ValidatorFactoryImpl - HV000234: Using org.hibernate.validator.internal.engine.DefaultClockProvider as ValidatorFactory-scoped clock provider.
2019-Apr-15 11:20:13.361 DEBUG [restartedMain] o.h.v.i.e.ValidatorFactoryImpl - HV000234: Using org.hibernate.validator.internal.engine.scripting.DefaultScriptEvaluatorFactory as ValidatorFactory-scoped script evaluator factory.
2019-Apr-15 11:20:21.521 INFO  [http-nio-8080-exec-1] o.s.w.s.DispatcherServlet - Initializing Servlet 'dispatcherServlet'
2019-Apr-15 11:20:21.526 INFO  [http-nio-8080-exec-1] o.s.w.s.DispatcherServlet - Completed initialization in 4 ms
2019-Apr-15 11:20:21.527 ERROR [http-nio-8080-exec-1] c.v.i.c.LoggerInterceptor - Before Handler execution
2019-Apr-15 11:20:21.530 ERROR [http-nio-8080-exec-1] c.v.i.c.LoggerInterceptor - Handler execution is complete
2019-Apr-15 11:20:21.531 ERROR [http-nio-8080-exec-1] c.v.i.c.LoggerInterceptor - Request is complete
2019-Apr-15 11:20:57.919 DEBUG [restartedMain] o.s.w.c.ContextLoader - Published root WebApplicationContext as ServletContext attribute with name [org.springframework.web.context.WebApplicationContext.ROOT]
2019-Apr-15 11:20:57.919 INFO  [restartedMain] o.s.w.c.ContextLoader - Root WebApplicationContext: initialization completed in 224 ms
2019-Apr-15 11:20:57.932 DEBUG [restartedMain] o.h.v.i.e.r.TraversableResolvers - Cannot find javax.persistence.Persistence on classpath. Assuming non JPA 2 environment. All properties will per default be traversable.
2019-Apr-15 11:20:57.933 DEBUG [restartedMain] o.h.v.m.ResourceBundleMessageInterpolator - Loaded expression factory via original TCCL
2019-Apr-15 11:20:57.934 DEBUG [restartedMain] o.h.v.i.e.r.TraversableResolvers - Cannot find javax.persistence.Persistence on classpath. Assuming non JPA 2 environment. All properties will per default be traversable.
2019-Apr-15 11:20:57.934 DEBUG [restartedMain] o.h.v.i.e.ConfigurationImpl - Setting custom MessageInterpolator of type org.springframework.validation.beanvalidation.LocaleContextMessageInterpolator
2019-Apr-15 11:20:57.934 DEBUG [restartedMain] o.h.v.i.e.ConfigurationImpl - Setting custom ConstraintValidatorFactory of type org.springframework.validation.beanvalidation.SpringConstraintValidatorFactory
2019-Apr-15 11:20:57.934 DEBUG [restartedMain] o.h.v.i.e.ConfigurationImpl - Setting custom ParameterNameProvider of type org.springframework.validation.beanvalidation.LocalValidatorFactoryBean$1
2019-Apr-15 11:20:57.934 DEBUG [restartedMain] o.h.v.i.x.c.ValidationXmlParser - Trying to load META-INF/validation.xml for XML based Validator configuration.
2019-Apr-15 11:20:57.934 DEBUG [restartedMain] o.h.v.i.x.c.ResourceLoaderHelper - Trying to load META-INF/validation.xml via user class loader
2019-Apr-15 11:20:57.934 DEBUG [restartedMain] o.h.v.i.x.c.ResourceLoaderHelper - Trying to load META-INF/validation.xml via TCCL
2019-Apr-15 11:20:57.935 DEBUG [restartedMain] o.h.v.i.x.c.ResourceLoaderHelper - Trying to load META-INF/validation.xml via Hibernate Validator's class loader
2019-Apr-15 11:20:57.935 DEBUG [restartedMain] o.h.v.i.x.c.ValidationXmlParser - No META-INF/validation.xml found. Using annotation based configuration only.
2019-Apr-15 11:20:57.938 DEBUG [restartedMain] o.h.v.i.e.ValidatorFactoryImpl - HV000234: Using org.springframework.validation.beanvalidation.LocaleContextMessageInterpolator as ValidatorFactory-scoped message interpolator.
2019-Apr-15 11:20:57.938 DEBUG [restartedMain] o.h.v.i.e.ValidatorFactoryImpl - HV000234: Using org.hibernate.validator.internal.engine.resolver.TraverseAllTraversableResolver as ValidatorFactory-scoped traversable resolver.
2019-Apr-15 11:20:57.938 DEBUG [restartedMain] o.h.v.i.e.ValidatorFactoryImpl - HV000234: Using org.hibernate.validator.internal.util.ExecutableParameterNameProvider as ValidatorFactory-scoped parameter name provider.
2019-Apr-15 11:20:57.938 DEBUG [restartedMain] o.h.v.i.e.ValidatorFactoryImpl - HV000234: Using org.hibernate.validator.internal.engine.DefaultClockProvider as ValidatorFactory-scoped clock provider.
2019-Apr-15 11:20:57.938 DEBUG [restartedMain] o.h.v.i.e.ValidatorFactoryImpl - HV000234: Using org.hibernate.validator.internal.engine.scripting.DefaultScriptEvaluatorFactory as ValidatorFactory-scoped script evaluator factory.
2019-Apr-15 11:20:57.941 DEBUG [restartedMain] o.s.w.s.h.SimpleUrlHandlerMapping - Patterns [/**/favicon.ico] in 'faviconHandlerMapping'
2019-Apr-15 11:20:57.959 DEBUG [restartedMain] o.s.w.s.m.m.a.RequestMappingHandlerAdapter - ControllerAdvice beans: 0 @ModelAttribute, 0 @InitBinder, 1 RequestBodyAdvice, 1 ResponseBodyAdvice
2019-Apr-15 11:20:57.963 DEBUG [restartedMain] o.s.w.s.m.m.a.RequestMappingHandlerMapping - 3 mappings in 'requestMappingHandlerMapping'
2019-Apr-15 11:20:57.965 DEBUG [restartedMain] o.s.w.s.h.SimpleUrlHandlerMapping - Patterns [/webjars/**, /**] in 'resourceHandlerMapping'
2019-Apr-15 11:20:57.968 DEBUG [restartedMain] o.s.w.s.m.m.a.ExceptionHandlerExceptionResolver - ControllerAdvice beans: 0 @ExceptionHandler, 1 ResponseBodyAdvice
2019-Apr-15 11:21:10.064 DEBUG [restartedMain] o.s.w.c.ContextLoader - Published root WebApplicationContext as ServletContext attribute with name [org.springframework.web.context.WebApplicationContext.ROOT]
2019-Apr-15 11:21:10.065 INFO  [restartedMain] o.s.w.c.ContextLoader - Root WebApplicationContext: initialization completed in 208 ms
2019-Apr-15 11:21:10.076 DEBUG [restartedMain] o.h.v.i.e.r.TraversableResolvers - Cannot find javax.persistence.Persistence on classpath. Assuming non JPA 2 environment. All properties will per default be traversable.
2019-Apr-15 11:21:10.077 DEBUG [restartedMain] o.h.v.m.ResourceBundleMessageInterpolator - Loaded expression factory via original TCCL
2019-Apr-15 11:21:10.077 DEBUG [restartedMain] o.h.v.i.e.r.TraversableResolvers - Cannot find javax.persistence.Persistence on classpath. Assuming non JPA 2 environment. All properties will per default be traversable.
2019-Apr-15 11:21:10.078 DEBUG [restartedMain] o.h.v.i.e.ConfigurationImpl - Setting custom MessageInterpolator of type org.springframework.validation.beanvalidation.LocaleContextMessageInterpolator
2019-Apr-15 11:21:10.078 DEBUG [restartedMain] o.h.v.i.e.ConfigurationImpl - Setting custom ConstraintValidatorFactory of type org.springframework.validation.beanvalidation.SpringConstraintValidatorFactory
2019-Apr-15 11:21:10.078 DEBUG [restartedMain] o.h.v.i.e.ConfigurationImpl - Setting custom ParameterNameProvider of type org.springframework.validation.beanvalidation.LocalValidatorFactoryBean$1
2019-Apr-15 11:21:10.078 DEBUG [restartedMain] o.h.v.i.x.c.ValidationXmlParser - Trying to load META-INF/validation.xml for XML based Validator configuration.
2019-Apr-15 11:21:10.078 DEBUG [restartedMain] o.h.v.i.x.c.ResourceLoaderHelper - Trying to load META-INF/validation.xml via user class loader
2019-Apr-15 11:21:10.078 DEBUG [restartedMain] o.h.v.i.x.c.ResourceLoaderHelper - Trying to load META-INF/validation.xml via TCCL
2019-Apr-15 11:21:10.078 DEBUG [restartedMain] o.h.v.i.x.c.ResourceLoaderHelper - Trying to load META-INF/validation.xml via Hibernate Validator's class loader
2019-Apr-15 11:21:10.079 DEBUG [restartedMain] o.h.v.i.x.c.ValidationXmlParser - No META-INF/validation.xml found. Using annotation based configuration only.
2019-Apr-15 11:21:10.081 DEBUG [restartedMain] o.h.v.i.e.ValidatorFactoryImpl - HV000234: Using org.springframework.validation.beanvalidation.LocaleContextMessageInterpolator as ValidatorFactory-scoped message interpolator.
2019-Apr-15 11:21:10.082 DEBUG [restartedMain] o.h.v.i.e.ValidatorFactoryImpl - HV000234: Using org.hibernate.validator.internal.engine.resolver.TraverseAllTraversableResolver as ValidatorFactory-scoped traversable resolver.
2019-Apr-15 11:21:10.082 DEBUG [restartedMain] o.h.v.i.e.ValidatorFactoryImpl - HV000234: Using org.hibernate.validator.internal.util.ExecutableParameterNameProvider as ValidatorFactory-scoped parameter name provider.
2019-Apr-15 11:21:10.082 DEBUG [restartedMain] o.h.v.i.e.ValidatorFactoryImpl - HV000234: Using org.hibernate.validator.internal.engine.DefaultClockProvider as ValidatorFactory-scoped clock provider.
2019-Apr-15 11:21:10.082 DEBUG [restartedMain] o.h.v.i.e.ValidatorFactoryImpl - HV000234: Using org.hibernate.validator.internal.engine.scripting.DefaultScriptEvaluatorFactory as ValidatorFactory-scoped script evaluator factory.
2019-Apr-15 11:21:10.085 DEBUG [restartedMain] o.s.w.s.h.SimpleUrlHandlerMapping - Patterns [/**/favicon.ico] in 'faviconHandlerMapping'
2019-Apr-15 11:21:10.103 DEBUG [restartedMain] o.s.w.s.m.m.a.RequestMappingHandlerAdapter - ControllerAdvice beans: 0 @ModelAttribute, 0 @InitBinder, 1 RequestBodyAdvice, 1 ResponseBodyAdvice
2019-Apr-15 11:21:10.107 DEBUG [restartedMain] o.s.w.s.m.m.a.RequestMappingHandlerMapping - 3 mappings in 'requestMappingHandlerMapping'
2019-Apr-15 11:21:10.109 DEBUG [restartedMain] o.s.w.s.h.SimpleUrlHandlerMapping - Patterns [/webjars/**, /**] in 'resourceHandlerMapping'
2019-Apr-15 11:21:10.111 DEBUG [restartedMain] o.s.w.s.m.m.a.ExceptionHandlerExceptionResolver - ControllerAdvice beans: 0 @ExceptionHandler, 1 ResponseBodyAdvice
2019-Apr-15 11:21:13.992 INFO  [http-nio-8080-exec-1] o.s.w.s.DispatcherServlet - Initializing Servlet 'dispatcherServlet'
2019-Apr-15 11:21:13.993 DEBUG [http-nio-8080-exec-1] o.s.w.s.DispatcherServlet - Detected StandardServletMultipartResolver
2019-Apr-15 11:21:13.995 DEBUG [http-nio-8080-exec-1] o.s.w.s.DispatcherServlet - enableLoggingRequestDetails='false': request parameters and headers will be masked to prevent unsafe logging of potentially sensitive data
2019-Apr-15 11:21:13.995 INFO  [http-nio-8080-exec-1] o.s.w.s.DispatcherServlet - Completed initialization in 2 ms
2019-Apr-15 11:21:13.996 DEBUG [http-nio-8080-exec-1] o.s.w.s.DispatcherServlet - GET "/logger", parameters={}
2019-Apr-15 11:21:13.996 DEBUG [http-nio-8080-exec-1] o.s.w.s.m.m.a.RequestMappingHandlerMapping - Mapped to public java.lang.String com.vinoth.interceptor.controller.LoggerController.executeLogger()
2019-Apr-15 11:21:13.999 DEBUG [http-nio-8080-exec-1] o.s.w.s.m.m.a.RequestResponseBodyMethodProcessor - Using 'text/html', given [text/html, application/xhtml+xml, image/webp, image/apng, application/signed-exchange;v=b3, application/xml;q=0.9, */*;q=0.8] and supported [text/plain, */*, text/plain, */*, application/json, application/*+json, application/json, application/*+json]
2019-Apr-15 11:21:13.999 DEBUG [http-nio-8080-exec-1] o.s.w.s.m.m.a.RequestResponseBodyMethodProcessor - Writing ["Hello World Logger Interceptor"]
2019-Apr-15 11:21:14.001 DEBUG [http-nio-8080-exec-1] o.s.w.s.DispatcherServlet - Completed 200 OK
2019-Apr-15 11:21:14.014 DEBUG [http-nio-8080-exec-2] o.s.w.s.DispatcherServlet - GET "/favicon.ico", parameters={}
2019-Apr-15 11:21:14.016 DEBUG [http-nio-8080-exec-2] o.s.w.s.h.SimpleUrlHandlerMapping - Mapped to ResourceHttpRequestHandler [class path resource [META-INF/resources/], class path resource [resources/], class path resource [static/], class path resource [public/], ServletContext resource [/], class path resource []]
2019-Apr-15 11:21:14.022 DEBUG [http-nio-8080-exec-2] o.s.w.s.DispatcherServlet - Completed 200 OK
2019-Apr-15 11:21:15.856 DEBUG [http-nio-8080-exec-3] o.s.w.s.DispatcherServlet - GET "/logger", parameters={}
2019-Apr-15 11:21:15.857 DEBUG [http-nio-8080-exec-3] o.s.w.s.m.m.a.RequestMappingHandlerMapping - Mapped to public java.lang.String com.vinoth.interceptor.controller.LoggerController.executeLogger()
2019-Apr-15 11:21:15.864 DEBUG [http-nio-8080-exec-3] o.s.w.s.m.m.a.RequestResponseBodyMethodProcessor - Using 'text/html', given [text/html, application/xhtml+xml, image/webp, image/apng, application/signed-exchange;v=b3, application/xml;q=0.9, */*;q=0.8] and supported [text/plain, */*, text/plain, */*, application/json, application/*+json, application/json, application/*+json]
2019-Apr-15 11:21:15.864 DEBUG [http-nio-8080-exec-3] o.s.w.s.m.m.a.RequestResponseBodyMethodProcessor - Writing ["Hello World Logger Interceptor"]
2019-Apr-15 11:21:15.864 DEBUG [http-nio-8080-exec-3] o.s.w.s.DispatcherServlet - Completed 200 OK
2019-Apr-15 11:21:15.878 DEBUG [http-nio-8080-exec-4] o.s.w.s.DispatcherServlet - GET "/favicon.ico", parameters={}
2019-Apr-15 11:21:15.878 DEBUG [http-nio-8080-exec-4] o.s.w.s.h.SimpleUrlHandlerMapping - Mapped to ResourceHttpRequestHandler [class path resource [META-INF/resources/], class path resource [resources/], class path resource [static/], class path resource [public/], ServletContext resource [/], class path resource []]
2019-Apr-15 11:21:15.882 DEBUG [http-nio-8080-exec-4] o.s.w.s.DispatcherServlet - Completed 200 OK
2019-Apr-15 11:21:47.530 DEBUG [restartedMain] o.s.w.c.ContextLoader - Published root WebApplicationContext as ServletContext attribute with name [org.springframework.web.context.WebApplicationContext.ROOT]
2019-Apr-15 11:21:47.530 INFO  [restartedMain] o.s.w.c.ContextLoader - Root WebApplicationContext: initialization completed in 202 ms
2019-Apr-15 11:21:47.541 DEBUG [restartedMain] o.h.v.i.e.r.TraversableResolvers - Cannot find javax.persistence.Persistence on classpath. Assuming non JPA 2 environment. All properties will per default be traversable.
2019-Apr-15 11:21:47.542 DEBUG [restartedMain] o.h.v.m.ResourceBundleMessageInterpolator - Loaded expression factory via original TCCL
2019-Apr-15 11:21:47.543 DEBUG [restartedMain] o.h.v.i.e.r.TraversableResolvers - Cannot find javax.persistence.Persistence on classpath. Assuming non JPA 2 environment. All properties will per default be traversable.
2019-Apr-15 11:21:47.543 DEBUG [restartedMain] o.h.v.i.e.ConfigurationImpl - Setting custom MessageInterpolator of type org.springframework.validation.beanvalidation.LocaleContextMessageInterpolator
2019-Apr-15 11:21:47.543 DEBUG [restartedMain] o.h.v.i.e.ConfigurationImpl - Setting custom ConstraintValidatorFactory of type org.springframework.validation.beanvalidation.SpringConstraintValidatorFactory
2019-Apr-15 11:21:47.543 DEBUG [restartedMain] o.h.v.i.e.ConfigurationImpl - Setting custom ParameterNameProvider of type org.springframework.validation.beanvalidation.LocalValidatorFactoryBean$1
2019-Apr-15 11:21:47.543 DEBUG [restartedMain] o.h.v.i.x.c.ValidationXmlParser - Trying to load META-INF/validation.xml for XML based Validator configuration.
2019-Apr-15 11:21:47.543 DEBUG [restartedMain] o.h.v.i.x.c.ResourceLoaderHelper - Trying to load META-INF/validation.xml via user class loader
2019-Apr-15 11:21:47.544 DEBUG [restartedMain] o.h.v.i.x.c.ResourceLoaderHelper - Trying to load META-INF/validation.xml via TCCL
2019-Apr-15 11:21:47.544 DEBUG [restartedMain] o.h.v.i.x.c.ResourceLoaderHelper - Trying to load META-INF/validation.xml via Hibernate Validator's class loader
2019-Apr-15 11:21:47.544 DEBUG [restartedMain] o.h.v.i.x.c.ValidationXmlParser - No META-INF/validation.xml found. Using annotation based configuration only.
2019-Apr-15 11:21:47.546 DEBUG [restartedMain] o.h.v.i.e.ValidatorFactoryImpl - HV000234: Using org.springframework.validation.beanvalidation.LocaleContextMessageInterpolator as ValidatorFactory-scoped message interpolator.
2019-Apr-15 11:21:47.546 DEBUG [restartedMain] o.h.v.i.e.ValidatorFactoryImpl - HV000234: Using org.hibernate.validator.internal.engine.resolver.TraverseAllTraversableResolver as ValidatorFactory-scoped traversable resolver.
2019-Apr-15 11:21:47.546 DEBUG [restartedMain] o.h.v.i.e.ValidatorFactoryImpl - HV000234: Using org.hibernate.validator.internal.util.ExecutableParameterNameProvider as ValidatorFactory-scoped parameter name provider.
2019-Apr-15 11:21:47.547 DEBUG [restartedMain] o.h.v.i.e.ValidatorFactoryImpl - HV000234: Using org.hibernate.validator.internal.engine.DefaultClockProvider as ValidatorFactory-scoped clock provider.
2019-Apr-15 11:21:47.547 DEBUG [restartedMain] o.h.v.i.e.ValidatorFactoryImpl - HV000234: Using org.hibernate.validator.internal.engine.scripting.DefaultScriptEvaluatorFactory as ValidatorFactory-scoped script evaluator factory.
2019-Apr-15 11:21:47.550 DEBUG [restartedMain] o.s.w.s.h.SimpleUrlHandlerMapping - Patterns [/**/favicon.ico] in 'faviconHandlerMapping'
2019-Apr-15 11:21:47.568 DEBUG [restartedMain] o.s.w.s.m.m.a.RequestMappingHandlerAdapter - ControllerAdvice beans: 0 @ModelAttribute, 0 @InitBinder, 1 RequestBodyAdvice, 1 ResponseBodyAdvice
2019-Apr-15 11:21:47.573 DEBUG [restartedMain] o.s.w.s.m.m.a.RequestMappingHandlerMapping - 3 mappings in 'requestMappingHandlerMapping'
2019-Apr-15 11:21:47.574 DEBUG [restartedMain] o.s.w.s.h.SimpleUrlHandlerMapping - Patterns [/webjars/**, /**] in 'resourceHandlerMapping'
2019-Apr-15 11:21:47.577 DEBUG [restartedMain] o.s.w.s.m.m.a.ExceptionHandlerExceptionResolver - ControllerAdvice beans: 0 @ExceptionHandler, 1 ResponseBodyAdvice
2019-Apr-15 11:21:51.518 INFO  [http-nio-8080-exec-1] o.s.w.s.DispatcherServlet - Initializing Servlet 'dispatcherServlet'
2019-Apr-15 11:21:51.519 DEBUG [http-nio-8080-exec-1] o.s.w.s.DispatcherServlet - Detected StandardServletMultipartResolver
2019-Apr-15 11:21:51.521 DEBUG [http-nio-8080-exec-1] o.s.w.s.DispatcherServlet - enableLoggingRequestDetails='false': request parameters and headers will be masked to prevent unsafe logging of potentially sensitive data
2019-Apr-15 11:21:51.521 INFO  [http-nio-8080-exec-1] o.s.w.s.DispatcherServlet - Completed initialization in 2 ms
2019-Apr-15 11:21:51.522 DEBUG [http-nio-8080-exec-1] o.s.w.s.DispatcherServlet - GET "/logger", parameters={}
2019-Apr-15 11:21:51.522 DEBUG [http-nio-8080-exec-1] o.s.w.s.m.m.a.RequestMappingHandlerMapping - Mapped to public java.lang.String com.vinoth.interceptor.controller.LoggerController.executeLogger()
2019-Apr-15 11:21:51.522 ERROR [http-nio-8080-exec-1] c.v.i.c.LoggerInterceptor - Before Handler execution
2019-Apr-15 11:21:51.524 DEBUG [http-nio-8080-exec-1] o.s.w.s.m.m.a.RequestResponseBodyMethodProcessor - Using 'text/html', given [text/html, application/xhtml+xml, image/webp, image/apng, application/signed-exchange;v=b3, application/xml;q=0.9, */*;q=0.8] and supported [text/plain, */*, text/plain, */*, application/json, application/*+json, application/json, application/*+json]
2019-Apr-15 11:21:51.525 DEBUG [http-nio-8080-exec-1] o.s.w.s.m.m.a.RequestResponseBodyMethodProcessor - Writing ["Hello World Logger Interceptor"]
2019-Apr-15 11:21:51.527 ERROR [http-nio-8080-exec-1] c.v.i.c.LoggerInterceptor - Handler execution is complete
2019-Apr-15 11:21:51.527 ERROR [http-nio-8080-exec-1] c.v.i.c.LoggerInterceptor - Request is complete
2019-Apr-15 11:21:51.528 DEBUG [http-nio-8080-exec-1] o.s.w.s.DispatcherServlet - Completed 200 OK
2019-Apr-15 11:21:51.545 DEBUG [http-nio-8080-exec-2] o.s.w.s.DispatcherServlet - GET "/favicon.ico", parameters={}
2019-Apr-15 11:21:51.545 DEBUG [http-nio-8080-exec-2] o.s.w.s.h.SimpleUrlHandlerMapping - Mapped to ResourceHttpRequestHandler [class path resource [META-INF/resources/], class path resource [resources/], class path resource [static/], class path resource [public/], ServletContext resource [/], class path resource []]
2019-Apr-15 11:21:51.549 DEBUG [http-nio-8080-exec-2] o.s.w.s.DispatcherServlet - Completed 200 OK
2019-Apr-15 11:22:03.965 DEBUG [http-nio-8080-exec-4] o.s.w.s.DispatcherServlet - GET "/logger", parameters={}
2019-Apr-15 11:22:03.966 DEBUG [http-nio-8080-exec-4] o.s.w.s.m.m.a.RequestMappingHandlerMapping - Mapped to public java.lang.String com.vinoth.interceptor.controller.LoggerController.executeLogger()
2019-Apr-15 11:22:03.966 ERROR [http-nio-8080-exec-4] c.v.i.c.LoggerInterceptor - Before Handler execution
2019-Apr-15 11:22:03.967 DEBUG [http-nio-8080-exec-4] o.s.w.s.m.m.a.RequestResponseBodyMethodProcessor - Using 'text/html', given [text/html, application/xhtml+xml, image/webp, image/apng, application/signed-exchange;v=b3, application/xml;q=0.9, */*;q=0.8] and supported [text/plain, */*, text/plain, */*, application/json, application/*+json, application/json, application/*+json]
2019-Apr-15 11:22:03.967 DEBUG [http-nio-8080-exec-4] o.s.w.s.m.m.a.RequestResponseBodyMethodProcessor - Writing ["Hello World Logger Interceptor"]
2019-Apr-15 11:22:03.967 ERROR [http-nio-8080-exec-4] c.v.i.c.LoggerInterceptor - Handler execution is complete
2019-Apr-15 11:22:03.967 ERROR [http-nio-8080-exec-4] c.v.i.c.LoggerInterceptor - Request is complete
2019-Apr-15 11:22:03.968 DEBUG [http-nio-8080-exec-4] o.s.w.s.DispatcherServlet - Completed 200 OK
2019-Apr-15 11:22:03.983 DEBUG [http-nio-8080-exec-5] o.s.w.s.DispatcherServlet - GET "/favicon.ico", parameters={}
2019-Apr-15 11:22:03.983 DEBUG [http-nio-8080-exec-5] o.s.w.s.h.SimpleUrlHandlerMapping - Mapped to ResourceHttpRequestHandler [class path resource [META-INF/resources/], class path resource [resources/], class path resource [static/], class path resource [public/], ServletContext resource [/], class path resource []]
2019-Apr-15 11:22:03.987 DEBUG [http-nio-8080-exec-5] o.s.w.s.DispatcherServlet - Completed 200 OK
2019-Apr-15 11:22:15.852 INFO  [restartedMain] o.s.w.c.ContextLoader - Root WebApplicationContext: initialization completed in 201 ms
2019-Apr-15 11:22:15.863 DEBUG [restartedMain] o.h.v.i.e.r.TraversableResolvers - Cannot find javax.persistence.Persistence on classpath. Assuming non JPA 2 environment. All properties will per default be traversable.
2019-Apr-15 11:22:15.863 DEBUG [restartedMain] o.h.v.m.ResourceBundleMessageInterpolator - Loaded expression factory via original TCCL
2019-Apr-15 11:22:15.864 DEBUG [restartedMain] o.h.v.i.e.r.TraversableResolvers - Cannot find javax.persistence.Persistence on classpath. Assuming non JPA 2 environment. All properties will per default be traversable.
2019-Apr-15 11:22:15.864 DEBUG [restartedMain] o.h.v.i.e.ConfigurationImpl - Setting custom MessageInterpolator of type org.springframework.validation.beanvalidation.LocaleContextMessageInterpolator
2019-Apr-15 11:22:15.864 DEBUG [restartedMain] o.h.v.i.e.ConfigurationImpl - Setting custom ConstraintValidatorFactory of type org.springframework.validation.beanvalidation.SpringConstraintValidatorFactory
2019-Apr-15 11:22:15.864 DEBUG [restartedMain] o.h.v.i.e.ConfigurationImpl - Setting custom ParameterNameProvider of type org.springframework.validation.beanvalidation.LocalValidatorFactoryBean$1
2019-Apr-15 11:22:15.865 DEBUG [restartedMain] o.h.v.i.x.c.ValidationXmlParser - Trying to load META-INF/validation.xml for XML based Validator configuration.
2019-Apr-15 11:22:15.865 DEBUG [restartedMain] o.h.v.i.x.c.ResourceLoaderHelper - Trying to load META-INF/validation.xml via user class loader
2019-Apr-15 11:22:15.865 DEBUG [restartedMain] o.h.v.i.x.c.ResourceLoaderHelper - Trying to load META-INF/validation.xml via TCCL
2019-Apr-15 11:22:15.865 DEBUG [restartedMain] o.h.v.i.x.c.ResourceLoaderHelper - Trying to load META-INF/validation.xml via Hibernate Validator's class loader
2019-Apr-15 11:22:15.865 DEBUG [restartedMain] o.h.v.i.x.c.ValidationXmlParser - No META-INF/validation.xml found. Using annotation based configuration only.
2019-Apr-15 11:22:15.868 DEBUG [restartedMain] o.h.v.i.e.ValidatorFactoryImpl - HV000234: Using org.springframework.validation.beanvalidation.LocaleContextMessageInterpolator as ValidatorFactory-scoped message interpolator.
2019-Apr-15 11:22:15.868 DEBUG [restartedMain] o.h.v.i.e.ValidatorFactoryImpl - HV000234: Using org.hibernate.validator.internal.engine.resolver.TraverseAllTraversableResolver as ValidatorFactory-scoped traversable resolver.
2019-Apr-15 11:22:15.868 DEBUG [restartedMain] o.h.v.i.e.ValidatorFactoryImpl - HV000234: Using org.hibernate.validator.internal.util.ExecutableParameterNameProvider as ValidatorFactory-scoped parameter name provider.
2019-Apr-15 11:22:15.868 DEBUG [restartedMain] o.h.v.i.e.ValidatorFactoryImpl - HV000234: Using org.hibernate.validator.internal.engine.DefaultClockProvider as ValidatorFactory-scoped clock provider.
2019-Apr-15 11:22:15.868 DEBUG [restartedMain] o.h.v.i.e.ValidatorFactoryImpl - HV000234: Using org.hibernate.validator.internal.engine.scripting.DefaultScriptEvaluatorFactory as ValidatorFactory-scoped script evaluator factory.
2019-Apr-15 11:22:18.660 INFO  [http-nio-8080-exec-1] o.s.w.s.DispatcherServlet - Initializing Servlet 'dispatcherServlet'
2019-Apr-15 11:22:18.664 INFO  [http-nio-8080-exec-1] o.s.w.s.DispatcherServlet - Completed initialization in 2 ms
2019-Apr-15 11:22:18.664 ERROR [http-nio-8080-exec-1] c.v.i.c.LoggerInterceptor - Before Handler execution
2019-Apr-15 11:22:18.666 ERROR [http-nio-8080-exec-1] c.v.i.c.LoggerInterceptor - Handler execution is complete
2019-Apr-15 11:22:18.666 ERROR [http-nio-8080-exec-1] c.v.i.c.LoggerInterceptor - Request is complete
2019-Apr-15 11:22:55.341 INFO  [restartedMain] o.s.w.c.ContextLoader - Root WebApplicationContext: initialization completed in 201 ms
2019-Apr-15 11:22:55.352 DEBUG [restartedMain] o.h.v.i.e.r.TraversableResolvers - Cannot find javax.persistence.Persistence on classpath. Assuming non JPA 2 environment. All properties will per default be traversable.
2019-Apr-15 11:22:55.352 DEBUG [restartedMain] o.h.v.m.ResourceBundleMessageInterpolator - Loaded expression factory via original TCCL
2019-Apr-15 11:22:55.353 DEBUG [restartedMain] o.h.v.i.e.r.TraversableResolvers - Cannot find javax.persistence.Persistence on classpath. Assuming non JPA 2 environment. All properties will per default be traversable.
2019-Apr-15 11:22:55.353 DEBUG [restartedMain] o.h.v.i.e.ConfigurationImpl - Setting custom MessageInterpolator of type org.springframework.validation.beanvalidation.LocaleContextMessageInterpolator
2019-Apr-15 11:22:55.353 DEBUG [restartedMain] o.h.v.i.e.ConfigurationImpl - Setting custom ConstraintValidatorFactory of type org.springframework.validation.beanvalidation.SpringConstraintValidatorFactory
2019-Apr-15 11:22:55.353 DEBUG [restartedMain] o.h.v.i.e.ConfigurationImpl - Setting custom ParameterNameProvider of type org.springframework.validation.beanvalidation.LocalValidatorFactoryBean$1
2019-Apr-15 11:22:55.353 DEBUG [restartedMain] o.h.v.i.x.c.ValidationXmlParser - Trying to load META-INF/validation.xml for XML based Validator configuration.
2019-Apr-15 11:22:55.353 DEBUG [restartedMain] o.h.v.i.x.c.ResourceLoaderHelper - Trying to load META-INF/validation.xml via user class loader
2019-Apr-15 11:22:55.354 DEBUG [restartedMain] o.h.v.i.x.c.ResourceLoaderHelper - Trying to load META-INF/validation.xml via TCCL
2019-Apr-15 11:22:55.354 DEBUG [restartedMain] o.h.v.i.x.c.ResourceLoaderHelper - Trying to load META-INF/validation.xml via Hibernate Validator's class loader
2019-Apr-15 11:22:55.354 DEBUG [restartedMain] o.h.v.i.x.c.ValidationXmlParser - No META-INF/validation.xml found. Using annotation based configuration only.
2019-Apr-15 11:22:55.357 DEBUG [restartedMain] o.h.v.i.e.ValidatorFactoryImpl - HV000234: Using org.springframework.validation.beanvalidation.LocaleContextMessageInterpolator as ValidatorFactory-scoped message interpolator.
2019-Apr-15 11:22:55.357 DEBUG [restartedMain] o.h.v.i.e.ValidatorFactoryImpl - HV000234: Using org.hibernate.validator.internal.engine.resolver.TraverseAllTraversableResolver as ValidatorFactory-scoped traversable resolver.
2019-Apr-15 11:22:55.357 DEBUG [restartedMain] o.h.v.i.e.ValidatorFactoryImpl - HV000234: Using org.hibernate.validator.internal.util.ExecutableParameterNameProvider as ValidatorFactory-scoped parameter name provider.
2019-Apr-15 11:22:55.357 DEBUG [restartedMain] o.h.v.i.e.ValidatorFactoryImpl - HV000234: Using org.hibernate.validator.internal.engine.DefaultClockProvider as ValidatorFactory-scoped clock provider.
2019-Apr-15 11:22:55.357 DEBUG [restartedMain] o.h.v.i.e.ValidatorFactoryImpl - HV000234: Using org.hibernate.validator.internal.engine.scripting.DefaultScriptEvaluatorFactory as ValidatorFactory-scoped script evaluator factory.
2019-Apr-15 11:22:57.498 INFO  [http-nio-8080-exec-1] o.s.w.s.DispatcherServlet - Initializing Servlet 'dispatcherServlet'
2019-Apr-15 11:22:57.501 INFO  [http-nio-8080-exec-1] o.s.w.s.DispatcherServlet - Completed initialization in 2 ms
2019-Apr-15 11:23:06.448 INFO  [restartedMain] o.s.w.c.ContextLoader - Root WebApplicationContext: initialization completed in 195 ms
2019-Apr-15 11:23:06.459 DEBUG [restartedMain] o.h.v.i.e.r.TraversableResolvers - Cannot find javax.persistence.Persistence on classpath. Assuming non JPA 2 environment. All properties will per default be traversable.
2019-Apr-15 11:23:06.459 DEBUG [restartedMain] o.h.v.m.ResourceBundleMessageInterpolator - Loaded expression factory via original TCCL
2019-Apr-15 11:23:06.460 DEBUG [restartedMain] o.h.v.i.e.r.TraversableResolvers - Cannot find javax.persistence.Persistence on classpath. Assuming non JPA 2 environment. All properties will per default be traversable.
2019-Apr-15 11:23:06.460 DEBUG [restartedMain] o.h.v.i.e.ConfigurationImpl - Setting custom MessageInterpolator of type org.springframework.validation.beanvalidation.LocaleContextMessageInterpolator
2019-Apr-15 11:23:06.460 DEBUG [restartedMain] o.h.v.i.e.ConfigurationImpl - Setting custom ConstraintValidatorFactory of type org.springframework.validation.beanvalidation.SpringConstraintValidatorFactory
2019-Apr-15 11:23:06.460 DEBUG [restartedMain] o.h.v.i.e.ConfigurationImpl - Setting custom ParameterNameProvider of type org.springframework.validation.beanvalidation.LocalValidatorFactoryBean$1
2019-Apr-15 11:23:06.460 DEBUG [restartedMain] o.h.v.i.x.c.ValidationXmlParser - Trying to load META-INF/validation.xml for XML based Validator configuration.
2019-Apr-15 11:23:06.460 DEBUG [restartedMain] o.h.v.i.x.c.ResourceLoaderHelper - Trying to load META-INF/validation.xml via user class loader
2019-Apr-15 11:23:06.460 DEBUG [restartedMain] o.h.v.i.x.c.ResourceLoaderHelper - Trying to load META-INF/validation.xml via TCCL
2019-Apr-15 11:23:06.461 DEBUG [restartedMain] o.h.v.i.x.c.ResourceLoaderHelper - Trying to load META-INF/validation.xml via Hibernate Validator's class loader
2019-Apr-15 11:23:06.461 DEBUG [restartedMain] o.h.v.i.x.c.ValidationXmlParser - No META-INF/validation.xml found. Using annotation based configuration only.
2019-Apr-15 11:23:06.463 DEBUG [restartedMain] o.h.v.i.e.ValidatorFactoryImpl - HV000234: Using org.springframework.validation.beanvalidation.LocaleContextMessageInterpolator as ValidatorFactory-scoped message interpolator.
2019-Apr-15 11:23:06.464 DEBUG [restartedMain] o.h.v.i.e.ValidatorFactoryImpl - HV000234: Using org.hibernate.validator.internal.engine.resolver.TraverseAllTraversableResolver as ValidatorFactory-scoped traversable resolver.
2019-Apr-15 11:23:06.464 DEBUG [restartedMain] o.h.v.i.e.ValidatorFactoryImpl - HV000234: Using org.hibernate.validator.internal.util.ExecutableParameterNameProvider as ValidatorFactory-scoped parameter name provider.
2019-Apr-15 11:23:06.464 DEBUG [restartedMain] o.h.v.i.e.ValidatorFactoryImpl - HV000234: Using org.hibernate.validator.internal.engine.DefaultClockProvider as ValidatorFactory-scoped clock provider.
2019-Apr-15 11:23:06.464 DEBUG [restartedMain] o.h.v.i.e.ValidatorFactoryImpl - HV000234: Using org.hibernate.validator.internal.engine.scripting.DefaultScriptEvaluatorFactory as ValidatorFactory-scoped script evaluator factory.
2019-Apr-15 11:23:09.078 INFO  [http-nio-8080-exec-1] o.s.w.s.DispatcherServlet - Initializing Servlet 'dispatcherServlet'
2019-Apr-15 11:23:09.082 INFO  [http-nio-8080-exec-1] o.s.w.s.DispatcherServlet - Completed initialization in 3 ms
2019-Apr-15 11:23:09.083 ERROR [http-nio-8080-exec-1] c.v.i.c.LoggerInterceptor - Before Handler execution
2019-Apr-15 11:23:09.085 ERROR [http-nio-8080-exec-1] c.v.i.c.LoggerInterceptor - Handler execution is complete
2019-Apr-15 11:23:09.085 ERROR [http-nio-8080-exec-1] c.v.i.c.LoggerInterceptor - Request is complete
2019-Apr-15 11:24:23.394 INFO  [restartedMain] o.s.w.c.ContextLoader - Root WebApplicationContext: initialization completed in 192 ms
2019-Apr-15 11:24:23.405 DEBUG [restartedMain] o.h.v.i.e.r.TraversableResolvers - Cannot find javax.persistence.Persistence on classpath. Assuming non JPA 2 environment. All properties will per default be traversable.
2019-Apr-15 11:24:23.405 DEBUG [restartedMain] o.h.v.m.ResourceBundleMessageInterpolator - Loaded expression factory via original TCCL
2019-Apr-15 11:24:23.406 DEBUG [restartedMain] o.h.v.i.e.r.TraversableResolvers - Cannot find javax.persistence.Persistence on classpath. Assuming non JPA 2 environment. All properties will per default be traversable.
2019-Apr-15 11:24:23.406 DEBUG [restartedMain] o.h.v.i.e.ConfigurationImpl - Setting custom MessageInterpolator of type org.springframework.validation.beanvalidation.LocaleContextMessageInterpolator
2019-Apr-15 11:24:23.406 DEBUG [restartedMain] o.h.v.i.e.ConfigurationImpl - Setting custom ConstraintValidatorFactory of type org.springframework.validation.beanvalidation.SpringConstraintValidatorFactory
2019-Apr-15 11:24:23.406 DEBUG [restartedMain] o.h.v.i.e.ConfigurationImpl - Setting custom ParameterNameProvider of type org.springframework.validation.beanvalidation.LocalValidatorFactoryBean$1
2019-Apr-15 11:24:23.406 DEBUG [restartedMain] o.h.v.i.x.c.ValidationXmlParser - Trying to load META-INF/validation.xml for XML based Validator configuration.
2019-Apr-15 11:24:23.406 DEBUG [restartedMain] o.h.v.i.x.c.ResourceLoaderHelper - Trying to load META-INF/validation.xml via user class loader
2019-Apr-15 11:24:23.406 DEBUG [restartedMain] o.h.v.i.x.c.ResourceLoaderHelper - Trying to load META-INF/validation.xml via TCCL
2019-Apr-15 11:24:23.406 DEBUG [restartedMain] o.h.v.i.x.c.ResourceLoaderHelper - Trying to load META-INF/validation.xml via Hibernate Validator's class loader
2019-Apr-15 11:24:23.406 DEBUG [restartedMain] o.h.v.i.x.c.ValidationXmlParser - No META-INF/validation.xml found. Using annotation based configuration only.
2019-Apr-15 11:24:23.409 DEBUG [restartedMain] o.h.v.i.e.ValidatorFactoryImpl - HV000234: Using org.springframework.validation.beanvalidation.LocaleContextMessageInterpolator as ValidatorFactory-scoped message interpolator.
2019-Apr-15 11:24:23.409 DEBUG [restartedMain] o.h.v.i.e.ValidatorFactoryImpl - HV000234: Using org.hibernate.validator.internal.engine.resolver.TraverseAllTraversableResolver as ValidatorFactory-scoped traversable resolver.
2019-Apr-15 11:24:23.409 DEBUG [restartedMain] o.h.v.i.e.ValidatorFactoryImpl - HV000234: Using org.hibernate.validator.internal.util.ExecutableParameterNameProvider as ValidatorFactory-scoped parameter name provider.
2019-Apr-15 11:24:23.409 DEBUG [restartedMain] o.h.v.i.e.ValidatorFactoryImpl - HV000234: Using org.hibernate.validator.internal.engine.DefaultClockProvider as ValidatorFactory-scoped clock provider.
2019-Apr-15 11:24:23.409 DEBUG [restartedMain] o.h.v.i.e.ValidatorFactoryImpl - HV000234: Using org.hibernate.validator.internal.engine.scripting.DefaultScriptEvaluatorFactory as ValidatorFactory-scoped script evaluator factory.
2019-Apr-15 11:24:26.695 INFO  [http-nio-8080-exec-1] o.s.w.s.DispatcherServlet - Initializing Servlet 'dispatcherServlet'
2019-Apr-15 11:24:26.699 INFO  [http-nio-8080-exec-1] o.s.w.s.DispatcherServlet - Completed initialization in 3 ms
2019-Apr-15 11:24:26.700 ERROR [http-nio-8080-exec-1] c.v.i.c.LoggerInterceptor - Before Handler execution
2019-Apr-15 11:24:26.702 ERROR [http-nio-8080-exec-1] c.v.i.c.LoggerInterceptor - Handler execution is complete
2019-Apr-15 11:24:26.702 ERROR [http-nio-8080-exec-1] c.v.i.c.LoggerInterceptor - Request is complete
